<?xml version="1.0" encoding="UTF-8"?>
<testng-results ignored="0" total="1" passed="1" failed="0" skipped="0">
  <reporter-output>
  </reporter-output>
  <suite started-at="2018-12-21T14:44:09Z" name="nopCommerce" finished-at="2018-12-21T14:44:35Z" duration-ms="25254">
    <groups>
    </groups>
    <test started-at="2018-12-21T14:44:09Z" name="Test1" finished-at="2018-12-21T14:44:35Z" duration-ms="25254">
      <class name="com.nopCommerceV2.testCases.TC_LoginTest_001">
        <test-method is-config="true" signature="setup(java.lang.String)[pri:0, instance:com.nopCommerceV2.testCases.TC_LoginTest_001@158da8e]" started-at="2018-12-21T14:44:10Z" name="setup" finished-at="2018-12-21T14:44:18Z" duration-ms="8245" status="PASS">
          <params>
            <param index="0">
              <value>
                <![CDATA[chrome]]>
              </value>
            </param>
          </params>
          <reporter-output>
          </reporter-output>
        </test-method> <!-- setup -->
        <test-method signature="loginTest()[pri:0, instance:com.nopCommerceV2.testCases.TC_LoginTest_001@158da8e]" started-at="2018-12-21T14:44:18Z" name="loginTest" finished-at="2018-12-21T14:44:34Z" duration-ms="15580" status="PASS">
          <reporter-output>
          </reporter-output>
        </test-method> <!-- loginTest -->
        <test-method is-config="true" signature="tearDown()[pri:0, instance:com.nopCommerceV2.testCases.TC_LoginTest_001@158da8e]" started-at="2018-12-21T14:44:34Z" name="tearDown" finished-at="2018-12-21T14:44:35Z" duration-ms="710" status="PASS">
          <reporter-output>
          </reporter-output>
        </test-method> <!-- tearDown -->
      </class> <!-- com.nopCommerceV2.testCases.TC_LoginTest_001 -->
    </test> <!-- Test1 -->
  </suite> <!-- nopCommerce -->
</testng-results>
