<?xml version="1.0" encoding="UTF-8"?>
<testng-results ignored="0" total="2" passed="2" failed="0" skipped="0">
  <reporter-output>
  </reporter-output>
  <suite started-at="2018-12-17T23:02:50Z" name="nopCommerce" finished-at="2018-12-17T23:03:18Z" duration-ms="27931">
    <groups>
    </groups>
    <test started-at="2018-12-17T23:02:50Z" name="Test1" finished-at="2018-12-17T23:03:18Z" duration-ms="27931">
      <class name="com.nopCommerceV2.testCases.TC_EditDeleteCustomer_006">
        <test-method is-config="true" signature="setup(java.lang.String)[pri:0, instance:com.nopCommerceV2.testCases.TC_EditDeleteCustomer_006@2638011]" started-at="2018-12-17T23:02:50Z" name="setup" finished-at="2018-12-17T23:02:53Z" duration-ms="3161" status="PASS">
          <params>
            <param index="0">
              <value>
                <![CDATA[chrome]]>
              </value>
            </param>
          </params>
          <reporter-output>
          </reporter-output>
        </test-method> <!-- setup -->
        <test-method signature="editTest()[pri:1, instance:com.nopCommerceV2.testCases.TC_EditDeleteCustomer_006@2638011]" started-at="2018-12-17T23:02:53Z" name="editTest" finished-at="2018-12-17T23:03:07Z" duration-ms="13586" status="PASS">
          <reporter-output>
          </reporter-output>
        </test-method> <!-- editTest -->
        <test-method signature="deleteTest()[pri:2, instance:com.nopCommerceV2.testCases.TC_EditDeleteCustomer_006@2638011]" started-at="2018-12-17T23:03:07Z" name="deleteTest" finished-at="2018-12-17T23:03:17Z" duration-ms="10207" status="PASS">
          <reporter-output>
          </reporter-output>
        </test-method> <!-- deleteTest -->
        <test-method is-config="true" signature="tearDown()[pri:0, instance:com.nopCommerceV2.testCases.TC_EditDeleteCustomer_006@2638011]" started-at="2018-12-17T23:03:17Z" name="tearDown" finished-at="2018-12-17T23:03:18Z" duration-ms="644" status="PASS">
          <reporter-output>
          </reporter-output>
        </test-method> <!-- tearDown -->
      </class> <!-- com.nopCommerceV2.testCases.TC_EditDeleteCustomer_006 -->
    </test> <!-- Test1 -->
  </suite> <!-- nopCommerce -->
</testng-results>
